<?xml version="1.0" encoding="UTF-8"?>
<!-- Generated by org.testng.reporters.JUnitXMLReporter -->
<testsuite ignored="0" hostname="DESKTOP-HD0B0VP" failures="0" tests="3" name="Test-Runner-Chrome" time="157.842" errors="0" timestamp="2021-08-25T10:29:36 IST">
  <testcase classname="com.vtiger.comcast.genericUtility.BaseClass" name="@BeforeClass ConfigureBeforeClass" time="63.99">
    <failure type="org.openqa.selenium.TimeoutException" message="No connection could be made because the target machine actively refused it. (os error 10061)
Build info: version: &amp;apos;3.141.59&amp;apos;, revision: &amp;apos;e82be7d358&amp;apos;, time: &amp;apos;2018-11-14T08:17:03&amp;apos;
System info: host: &amp;apos;DESKTOP-HD0B0VP&amp;apos;, ip: &amp;apos;192.168.119.1&amp;apos;, os.name: &amp;apos;Windows 10&amp;apos;, os.arch: &amp;apos;amd64&amp;apos;, os.version: &amp;apos;10.0&amp;apos;, java.version: &amp;apos;15.0.2&amp;apos;
Driver info: driver.version: FirefoxDriver
remote stacktrace: ">
      <![CDATA[org.openqa.selenium.TimeoutException: No connection could be made because the target machine actively refused it. (os error 10061)
Build info: version: '3.141.59', revision: 'e82be7d358', time: '2018-11-14T08:17:03'
System info: host: 'DESKTOP-HD0B0VP', ip: '192.168.119.1', os.name: 'Windows 10', os.arch: 'amd64', os.version: '10.0', java.version: '15.0.2'
Driver info: driver.version: FirefoxDriver
remote stacktrace: 
at org.openqa.selenium.remote.W3CHandshakeResponse.lambda$errorHandler$0(W3CHandshakeResponse.java:62)
at org.openqa.selenium.remote.HandshakeResponse.lambda$getResponseFunction$0(HandshakeResponse.java:30)
at org.openqa.selenium.remote.ProtocolHandshake.lambda$createSession$0(ProtocolHandshake.java:126)
at java.base/java.util.stream.ReferencePipeline$3$1.accept(ReferencePipeline.java:195)
at java.base/java.util.Spliterators$ArraySpliterator.tryAdvance(Spliterators.java:958)
at java.base/java.util.stream.ReferencePipeline.forEachWithCancel(ReferencePipeline.java:127)
at java.base/java.util.stream.AbstractPipeline.copyIntoWithCancel(AbstractPipeline.java:502)
at java.base/java.util.stream.AbstractPipeline.copyInto(AbstractPipeline.java:488)
at java.base/java.util.stream.AbstractPipeline.wrapAndCopyInto(AbstractPipeline.java:474)
at java.base/java.util.stream.FindOps$FindOp.evaluateSequential(FindOps.java:150)
at java.base/java.util.stream.AbstractPipeline.evaluate(AbstractPipeline.java:234)
at java.base/java.util.stream.ReferencePipeline.findFirst(ReferencePipeline.java:543)
at org.openqa.selenium.remote.ProtocolHandshake.createSession(ProtocolHandshake.java:128)
at org.openqa.selenium.remote.ProtocolHandshake.createSession(ProtocolHandshake.java:74)
at org.openqa.selenium.remote.HttpCommandExecutor.execute(HttpCommandExecutor.java:136)
at org.openqa.selenium.remote.service.DriverCommandExecutor.execute(DriverCommandExecutor.java:83)
at org.openqa.selenium.remote.RemoteWebDriver.execute(RemoteWebDriver.java:552)
at org.openqa.selenium.remote.RemoteWebDriver.startSession(RemoteWebDriver.java:213)
at org.openqa.selenium.remote.RemoteWebDriver.<init>(RemoteWebDriver.java:131)
at org.openqa.selenium.firefox.FirefoxDriver.<init>(FirefoxDriver.java:147)
at org.openqa.selenium.firefox.FirefoxDriver.<init>(FirefoxDriver.java:125)
at com.vtiger.comcast.genericUtility.BaseClass.ConfigureBeforeClass(BaseClass.java:32)
at java.base/java.util.ArrayList.forEach(ArrayList.java:1511)
at java.base/java.util.concurrent.FutureTask.run(FutureTask.java:264)
at java.base/java.util.concurrent.ThreadPoolExecutor.runWorker(ThreadPoolExecutor.java:1130)
at java.base/java.util.concurrent.ThreadPoolExecutor$Worker.run(ThreadPoolExecutor.java:630)
at java.base/java.lang.Thread.run(Thread.java:832)
... Removed 21 stack frames]]>
    </failure>
  </testcase> <!-- @BeforeClass ConfigureBeforeClass -->
  <testcase classname="com.vtiger.comcast.genericUtility.BaseClass" name="@BeforeMethod ConfigBeforeMethod" time="-1.629867482345E9">
    <skipped/>
  </testcase> <!-- @BeforeMethod ConfigBeforeMethod -->
  <testcase classname="com.vtiger.comcast.genericUtility.BaseClass" name="@AfterMethod ConfigAfterMethod" time="-1.629867482356E9">
    <skipped/>
  </testcase> <!-- @AfterMethod ConfigAfterMethod -->
  <testcase classname="com.vtiger.comcast.genericUtility.BaseClass" name="@BeforeMethod ConfigBeforeMethod" time="-1.62986748236E9">
    <skipped/>
  </testcase> <!-- @BeforeMethod ConfigBeforeMethod -->
  <testcase classname="com.vtiger.comcast.genericUtility.BaseClass" name="@AfterMethod ConfigAfterMethod" time="-1.629867482371E9">
    <skipped/>
  </testcase> <!-- @AfterMethod ConfigAfterMethod -->
  <testcase classname="com.vtiger.comcast.genericUtility.BaseClass" name="@BeforeMethod ConfigBeforeMethod" time="-1.629867482375E9">
    <skipped/>
  </testcase> <!-- @BeforeMethod ConfigBeforeMethod -->
  <testcase classname="com.vtiger.comcast.genericUtility.BaseClass" name="@AfterMethod ConfigAfterMethod" time="-1.629867482385E9">
    <skipped/>
  </testcase> <!-- @AfterMethod ConfigAfterMethod -->
  <testcase classname="com.vtiger.comcast.genericUtility.BaseClass" name="@AfterClass ConfigAfterClass" time="-1.629867482389E9">
    <skipped/>
  </testcase> <!-- @AfterClass ConfigAfterClass -->
  <testcase classname="com.vtiger.comcast.opportunityTest.CreateOpportunityScenarioTest" name="CreateOppSalesStageQualTest" time="60.186"/>
  <testcase classname="com.vtiger.comcast.opportunityTest.CreateOpportunityScenarioTest" name="createNewOppSalesStageAnalysisTest" time="20.418"/>
  <testcase classname="com.vtiger.comcast.opportunityTest.CreateOpportunityScenarioTest" name="createOpportunityTest" time="15.468"/>
</testsuite> <!-- Test-Runner-Chrome -->
